2025-12-04 20:28:05,511 - [cli.py] - INFO - Initializing Application...
2025-12-04 20:28:05,511 - [core.analyzer.py] - INFO - Starting analysis on ./data/input/MarkRutte
2025-12-04 20:28:05,511 - [core.analyzer.py] - INFO - Analyzing single image: ./data/input/img11.jpg
2025-12-04 20:28:29,390 - [cli.py] - INFO - Initializing Application...
2025-12-04 20:28:29,390 - [core.analyzer.py] - INFO - Starting analysis on ./data/input/MarkRutte
2025-12-04 20:28:29,390 - [core.analyzer.py] - INFO - Analyzing single image: ./data/input/img11.jpg
2025-12-05 15:38:03,776 - [cli.py] - INFO - Initializing Application...
2025-12-05 15:38:03,776 - [cli.py] - ERROR - You must provide either --image or --video input.
2025-12-05 15:41:55,556 - [cli.py] - INFO - Initializing Application...
2025-12-05 15:41:55,556 - [core.analyzer.py] - INFO - Starting analysis on None
2025-12-05 15:41:55,556 - [core.analyzer.py] - INFO - Analyzing single image: ./data/input/img11.jpg
2025-12-05 15:41:56,373 - [core.analyzer.py] - INFO - Finished image: img11.jpg
2025-12-05 15:55:52,704 - [cli.py] - INFO - Initializing Application...
2025-12-05 15:55:52,704 - [core.analyzer.py] - INFO - Starting analysis on ./data/input/Mr
2025-12-05 15:55:52,704 - [core.analyzer.py] - INFO - Analyzing video: ./data/input/Mr
2025-12-05 15:55:52,704 - [VideoProcessor] - ERROR - Could not open source: Mr
2025-12-05 15:58:43,460 - [cli.py] - INFO - Initializing Application...
2025-12-05 15:58:43,460 - [core.analyzer.py] - INFO - Starting analysis on ./data/input/MarkRutte/MarkRutte_MatthijsNieuwkerk.mp4
2025-12-05 15:58:43,460 - [core.analyzer.py] - INFO - Analyzing video: ./data/input/MarkRutte/MarkRutte_MatthijsNieuwkerk.mp4
2025-12-05 15:58:43,617 - [VideoProcessor] - INFO - Starting processing: MarkRutte_MatthijsNieuwkerk.mp4 (FPS: 25.00)
2025-12-05 15:58:43,929 - [core.frame.py] - ERROR - Error analyzing InMemoryFrame: 'NoneType' object has no attribute 'get'
2025-12-05 15:58:44,390 - [core.frame.py] - ERROR - Error analyzing InMemoryFrame: 'NoneType' object has no attribute 'get'
2025-12-05 15:58:44,421 - [core.frame.py] - ERROR - Error analyzing InMemoryFrame: 'NoneType' object has no attribute 'get'
2025-12-05 15:58:44,585 - [core.frame.py] - ERROR - Error analyzing InMemoryFrame: 'NoneType' object has no attribute 'get'
2025-12-05 15:58:44,620 - [core.frame.py] - ERROR - Error analyzing InMemoryFrame: 'NoneType' object has no attribute 'get'
2025-12-05 15:58:44,650 - [core.frame.py] - ERROR - Error analyzing InMemoryFrame: 'NoneType' object has no attribute 'get'
2025-12-05 15:58:44,878 - [VideoProcessor] - INFO - Processed 10 frames...
2025-12-05 15:58:45,311 - [VideoProcessor] - INFO - Processed 20 frames...
2025-12-05 15:58:45,500 - [core.frame.py] - ERROR - Error analyzing InMemoryFrame: 'NoneType' object has no attribute 'get'
2025-12-05 15:58:45,521 - [core.frame.py] - ERROR - Error analyzing InMemoryFrame: 'NoneType' object has no attribute 'get'
2025-12-05 15:58:45,601 - [core.frame.py] - ERROR - Error analyzing InMemoryFrame: 'NoneType' object has no attribute 'get'
2025-12-05 15:58:45,633 - [core.frame.py] - ERROR - Error analyzing InMemoryFrame: 'NoneType' object has no attribute 'get'
2025-12-05 15:58:45,659 - [core.frame.py] - ERROR - Error analyzing InMemoryFrame: 'NoneType' object has no attribute 'get'
2025-12-05 15:58:45,719 - [core.frame.py] - ERROR - Error analyzing InMemoryFrame: 'NoneType' object has no attribute 'get'
2025-12-05 15:58:45,887 - [VideoProcessor] - INFO - Processed 30 frames...
2025-12-05 15:58:46,112 - [core.frame.py] - ERROR - Error analyzing InMemoryFrame: 'NoneType' object has no attribute 'get'
2025-12-05 15:58:46,139 - [core.frame.py] - ERROR - Error analyzing InMemoryFrame: 'NoneType' object has no attribute 'get'
2025-12-05 15:58:46,183 - [core.frame.py] - ERROR - Error analyzing InMemoryFrame: 'NoneType' object has no attribute 'get'
2025-12-05 15:58:46,212 - [core.frame.py] - ERROR - Error analyzing InMemoryFrame: 'NoneType' object has no attribute 'get'
2025-12-05 15:58:46,367 - [core.frame.py] - ERROR - Error analyzing InMemoryFrame: 'NoneType' object has no attribute 'get'
2025-12-05 15:58:46,451 - [VideoProcessor] - INFO - Processed 40 frames...
2025-12-05 15:58:46,902 - [VideoProcessor] - INFO - Processed 50 frames...
2025-12-05 15:58:47,419 - [VideoProcessor] - INFO - Processed 60 frames...
2025-12-05 15:58:47,683 - [core.frame.py] - ERROR - Error analyzing InMemoryFrame: 'NoneType' object has no attribute 'get'
2025-12-05 15:58:47,847 - [VideoProcessor] - INFO - Processed 70 frames...
2025-12-05 15:58:48,216 - [core.frame.py] - ERROR - Error analyzing InMemoryFrame: 'NoneType' object has no attribute 'get'
2025-12-05 15:58:48,244 - [core.frame.py] - ERROR - Error analyzing InMemoryFrame: 'NoneType' object has no attribute 'get'
2025-12-05 15:58:48,368 - [VideoProcessor] - INFO - Processed 80 frames...
2025-12-05 15:58:48,632 - [core.frame.py] - ERROR - Error analyzing InMemoryFrame: 'NoneType' object has no attribute 'get'
2025-12-05 15:58:48,654 - [core.frame.py] - ERROR - Error analyzing InMemoryFrame: 'NoneType' object has no attribute 'get'
2025-12-05 15:58:48,722 - [core.frame.py] - ERROR - Error analyzing InMemoryFrame: 'NoneType' object has no attribute 'get'
2025-12-05 15:58:48,742 - [core.frame.py] - ERROR - Error analyzing InMemoryFrame: 'NoneType' object has no attribute 'get'
2025-12-05 15:58:48,868 - [VideoProcessor] - INFO - Processed 90 frames...
2025-12-05 15:58:49,032 - [VideoProcessor] - INFO - Finished MarkRutte_MatthijsNieuwkerk.mp4. Total detections: 93
2025-12-05 16:04:56,474 - [cli.py] - INFO - Initializing Application...
2025-12-05 16:04:56,474 - [core.analyzer.py] - INFO - Starting analysis on ./data/input/MarkRutte/MarkRutte_MatthijsNieuwkerk.mp4
2025-12-05 16:04:56,474 - [core.analyzer.py] - INFO - Analyzing video: ./data/input/MarkRutte/MarkRutte_MatthijsNieuwkerk.mp4
2025-12-05 16:04:56,484 - [VideoProcessor] - INFO - Starting processing: MarkRutte_MatthijsNieuwkerk.mp4 (FPS: 25.00)
2025-12-05 16:04:56,820 - [core.frame.py] - WARNING - No face detected in frame: InMemoryFrame
2025-12-05 16:04:57,278 - [core.frame.py] - WARNING - No face detected in frame: InMemoryFrame
2025-12-05 16:04:57,306 - [core.frame.py] - WARNING - No face detected in frame: InMemoryFrame
2025-12-05 16:04:57,460 - [core.frame.py] - WARNING - No face detected in frame: InMemoryFrame
2025-12-05 16:04:57,485 - [core.frame.py] - WARNING - No face detected in frame: InMemoryFrame
2025-12-05 16:04:57,519 - [core.frame.py] - WARNING - No face detected in frame: InMemoryFrame
2025-12-05 16:04:57,750 - [VideoProcessor] - INFO - Processed 10 frames...
2025-12-05 16:04:58,214 - [VideoProcessor] - INFO - Processed 20 frames...
2025-12-05 16:04:58,392 - [core.frame.py] - WARNING - No face detected in frame: InMemoryFrame
2025-12-05 16:04:58,422 - [core.frame.py] - WARNING - No face detected in frame: InMemoryFrame
2025-12-05 16:04:58,490 - [core.frame.py] - WARNING - No face detected in frame: InMemoryFrame
2025-12-05 16:04:58,518 - [core.frame.py] - WARNING - No face detected in frame: InMemoryFrame
2025-12-05 16:04:58,552 - [core.frame.py] - WARNING - No face detected in frame: InMemoryFrame
2025-12-05 16:04:58,617 - [core.frame.py] - WARNING - No face detected in frame: InMemoryFrame
2025-12-05 16:04:58,767 - [VideoProcessor] - INFO - Processed 30 frames...
2025-12-05 16:04:58,995 - [core.frame.py] - WARNING - No face detected in frame: InMemoryFrame
2025-12-05 16:04:59,026 - [core.frame.py] - WARNING - No face detected in frame: InMemoryFrame
2025-12-05 16:04:59,060 - [core.frame.py] - WARNING - No face detected in frame: InMemoryFrame
2025-12-05 16:04:59,099 - [core.frame.py] - WARNING - No face detected in frame: InMemoryFrame
2025-12-05 16:04:59,249 - [core.frame.py] - WARNING - No face detected in frame: InMemoryFrame
2025-12-05 16:04:59,336 - [VideoProcessor] - INFO - Processed 40 frames...
2025-12-05 16:04:59,786 - [VideoProcessor] - INFO - Processed 50 frames...
2025-12-05 16:05:00,307 - [VideoProcessor] - INFO - Processed 60 frames...
2025-12-05 16:05:00,604 - [core.frame.py] - WARNING - No face detected in frame: InMemoryFrame
2025-12-05 16:05:00,767 - [VideoProcessor] - INFO - Processed 70 frames...
2025-12-05 16:05:01,139 - [core.frame.py] - WARNING - No face detected in frame: InMemoryFrame
2025-12-05 16:05:01,166 - [core.frame.py] - WARNING - No face detected in frame: InMemoryFrame
2025-12-05 16:05:01,281 - [VideoProcessor] - INFO - Processed 80 frames...
2025-12-05 16:05:01,548 - [core.frame.py] - WARNING - No face detected in frame: InMemoryFrame
2025-12-05 16:05:01,574 - [core.frame.py] - WARNING - No face detected in frame: InMemoryFrame
2025-12-05 16:05:01,638 - [core.frame.py] - WARNING - No face detected in frame: InMemoryFrame
2025-12-05 16:05:01,658 - [core.frame.py] - WARNING - No face detected in frame: InMemoryFrame
2025-12-05 16:05:01,784 - [VideoProcessor] - INFO - Processed 90 frames...
2025-12-05 16:05:01,938 - [VideoProcessor] - INFO - Finished MarkRutte_MatthijsNieuwkerk.mp4. Total detections: 93
2025-12-05 16:09:14,109 - [cli.py] - INFO - Initializing Application...
2025-12-05 16:09:14,109 - [core.analyzer.py] - INFO - Starting analysis on ./data/input/MarkRutte/MarkRutte_MatthijsNieuwkerk.mp4
2025-12-05 16:09:14,109 - [core.analyzer.py] - INFO - Analyzing video: ./data/input/MarkRutte/MarkRutte_MatthijsNieuwkerk.mp4
2025-12-05 16:09:14,124 - [VideoProcessor] - INFO - Starting processing: MarkRutte_MatthijsNieuwkerk.mp4 (FPS: 25.00)
2025-12-05 16:09:14,420 - [core.frame.py] - WARNING - No face detected in frame: InMemoryFrame
2025-12-05 16:12:34,031 - [core.frame.py] - WARNING - No face detected in frame: InMemoryFrame
2025-12-05 16:12:36,530 - [core.frame.py] - WARNING - No face detected in frame: InMemoryFrame
2025-12-05 16:12:43,132 - [core.frame.py] - WARNING - No face detected in frame: InMemoryFrame
2025-12-05 16:12:43,828 - [core.frame.py] - WARNING - No face detected in frame: InMemoryFrame
2025-12-05 16:12:47,999 - [core.frame.py] - WARNING - No face detected in frame: InMemoryFrame
2025-12-05 16:16:28,710 - [cli.py] - INFO - Initializing Application...
2025-12-05 16:16:28,710 - [core.analyzer.py] - INFO - Starting analysis on ./data/input/MarkRutte/MarkRutte_MatthijsNieuwkerk.mp4
2025-12-05 16:16:28,710 - [core.analyzer.py] - INFO - Analyzing video: ./data/input/MarkRutte/MarkRutte_MatthijsNieuwkerk.mp4
2025-12-05 16:16:28,726 - [VideoProcessor] - INFO - Starting processing: MarkRutte_MatthijsNieuwkerk.mp4 (FPS: 25.00)
2025-12-05 16:16:29,022 - [core.frame.py] - WARNING - No face detected in frame: InMemoryFrame
2025-12-05 16:16:29,706 - [core.frame.py] - WARNING - No face detected in frame: InMemoryFrame
2025-12-05 16:16:29,729 - [core.frame.py] - WARNING - No face detected in frame: InMemoryFrame
2025-12-05 16:16:29,908 - [core.frame.py] - WARNING - No face detected in frame: InMemoryFrame
2025-12-05 16:16:29,942 - [core.frame.py] - WARNING - No face detected in frame: InMemoryFrame
2025-12-05 16:16:29,976 - [core.frame.py] - WARNING - No face detected in frame: InMemoryFrame
2025-12-05 16:16:30,227 - [VideoProcessor] - INFO - Processed 10 frames...
2025-12-05 16:16:30,726 - [VideoProcessor] - INFO - Processed 20 frames...
2025-12-05 16:16:30,928 - [core.frame.py] - WARNING - No face detected in frame: InMemoryFrame
2025-12-05 16:16:30,957 - [core.frame.py] - WARNING - No face detected in frame: InMemoryFrame
2025-12-05 16:16:31,030 - [core.frame.py] - WARNING - No face detected in frame: InMemoryFrame
2025-12-05 16:16:31,060 - [core.frame.py] - WARNING - No face detected in frame: InMemoryFrame
2025-12-05 16:16:31,092 - [core.frame.py] - WARNING - No face detected in frame: InMemoryFrame
2025-12-05 16:16:31,160 - [core.frame.py] - WARNING - No face detected in frame: InMemoryFrame
2025-12-05 16:16:31,327 - [VideoProcessor] - INFO - Processed 30 frames...
2025-12-05 16:16:31,566 - [core.frame.py] - WARNING - No face detected in frame: InMemoryFrame
2025-12-05 16:16:31,592 - [core.frame.py] - WARNING - No face detected in frame: InMemoryFrame
2025-12-05 16:16:31,630 - [core.frame.py] - WARNING - No face detected in frame: InMemoryFrame
2025-12-05 16:16:31,663 - [core.frame.py] - WARNING - No face detected in frame: InMemoryFrame
2025-12-05 16:16:31,825 - [core.frame.py] - WARNING - No face detected in frame: InMemoryFrame
2025-12-05 16:16:31,926 - [VideoProcessor] - INFO - Processed 40 frames...
2025-12-05 16:16:32,413 - [VideoProcessor] - INFO - Processed 50 frames...
2025-12-05 16:16:33,027 - [VideoProcessor] - INFO - Processed 60 frames...
2025-12-05 16:16:33,347 - [core.frame.py] - WARNING - No face detected in frame: InMemoryFrame
2025-12-05 16:16:33,506 - [VideoProcessor] - INFO - Processed 70 frames...
2025-12-05 16:16:33,932 - [core.frame.py] - WARNING - No face detected in frame: InMemoryFrame
2025-12-05 16:16:33,964 - [core.frame.py] - WARNING - No face detected in frame: InMemoryFrame
2025-12-05 16:16:34,097 - [VideoProcessor] - INFO - Processed 80 frames...
2025-12-05 16:16:34,419 - [core.frame.py] - WARNING - No face detected in frame: InMemoryFrame
2025-12-05 16:16:34,444 - [core.frame.py] - WARNING - No face detected in frame: InMemoryFrame
2025-12-05 16:16:34,518 - [core.frame.py] - WARNING - No face detected in frame: InMemoryFrame
2025-12-05 16:16:34,544 - [core.frame.py] - WARNING - No face detected in frame: InMemoryFrame
2025-12-05 16:16:34,691 - [VideoProcessor] - INFO - Processed 90 frames...
2025-12-05 16:16:34,870 - [VideoProcessor] - INFO - Finished MarkRutte_MatthijsNieuwkerk.mp4. Total detections: 93
2025-12-05 17:22:01,673 - [cli.py] - INFO - Initializing Application...
2025-12-05 17:22:01,673 - [core.analyzer.py] - INFO - Starting analysis on ./data/input/MarkRutte/MarkRutte_MariekeElsinga.mkv
2025-12-05 17:22:01,673 - [core.analyzer.py] - INFO - Analyzing video: ./data/input/MarkRutte/MarkRutte_MariekeElsinga.mkv
2025-12-05 17:22:01,698 - [VideoProcessor] - INFO - Starting processing: MarkRutte_MariekeElsinga.mkv (FPS: 25.00)
2025-12-05 17:22:04,691 - [VideoProcessor] - INFO - Processed 10 frames...
2025-12-05 17:22:06,956 - [VideoProcessor] - INFO - Processed 20 frames...
2025-12-05 17:22:09,223 - [VideoProcessor] - INFO - Processed 30 frames...
2025-12-05 17:22:11,643 - [VideoProcessor] - INFO - Processed 40 frames...
2025-12-05 17:22:14,123 - [VideoProcessor] - INFO - Processed 50 frames...
2025-12-05 17:22:14,765 - [core.frame.py] - WARNING - No face detected in frame: InMemoryFrame
2025-12-05 17:22:14,962 - [core.frame.py] - WARNING - No face detected in frame: InMemoryFrame
2025-12-05 17:22:15,149 - [core.frame.py] - WARNING - No face detected in frame: InMemoryFrame
2025-12-05 17:22:15,167 - [VideoProcessor] - INFO - Finished MarkRutte_MariekeElsinga.mkv. Total detections: 52
2025-12-05 17:27:35,076 - [cli.py] - INFO - Initializing Application...
2025-12-05 17:27:35,076 - [core.analyzer.py] - INFO - Starting analysis on ./data/input/MarkRutte/MarkRutte_MariekeElsinga.mkv
2025-12-05 17:27:35,076 - [core.analyzer.py] - INFO - Analyzing video: ./data/input/MarkRutte/MarkRutte_MariekeElsinga.mkv
2025-12-05 17:27:35,091 - [VideoProcessor] - INFO - Starting processing: MarkRutte_MariekeElsinga.mkv (FPS: 25.00)
2025-12-05 17:27:38,670 - [VideoProcessor] - INFO - Finished MarkRutte_MariekeElsinga.mkv. Total detections: 3
2025-12-05 17:38:26,505 - [cli.py] - INFO - Initializing Application...
2025-12-05 17:38:26,505 - [core.analyzer.py] - INFO - Starting analysis on ./data/input/MarkRutte/MarkRutte_MariekeElsinga.mkv
2025-12-05 17:38:26,505 - [core.analyzer.py] - INFO - Analyzing video: ./data/input/MarkRutte/MarkRutte_MariekeElsinga.mkv
2025-12-05 17:38:26,528 - [VideoProcessor] - INFO - Starting processing: MarkRutte_MariekeElsinga.mkv (FPS: 25.00)
2025-12-05 17:38:28,802 - [VideoProcessor] - INFO - Processed 10 frames...
2025-12-05 17:38:29,623 - [core.frame.py] - WARNING - No face detected in frame: InMemoryFrame
2025-12-05 17:38:29,774 - [core.frame.py] - WARNING - No face detected in frame: InMemoryFrame
2025-12-05 17:38:30,760 - [VideoProcessor] - INFO - Processed 20 frames...
2025-12-05 17:38:32,587 - [VideoProcessor] - INFO - Processed 30 frames...
2025-12-05 17:38:34,523 - [VideoProcessor] - INFO - Processed 40 frames...
2025-12-05 17:38:36,444 - [VideoProcessor] - INFO - Processed 50 frames...
2025-12-05 17:38:38,413 - [VideoProcessor] - INFO - Processed 60 frames...
2025-12-05 17:38:40,373 - [VideoProcessor] - INFO - Processed 70 frames...
2025-12-05 17:38:42,216 - [VideoProcessor] - INFO - Processed 80 frames...
2025-12-05 17:38:44,033 - [VideoProcessor] - INFO - Processed 90 frames...
2025-12-05 17:38:45,898 - [VideoProcessor] - INFO - Processed 100 frames...
2025-12-05 17:38:47,760 - [VideoProcessor] - INFO - Processed 110 frames...
2025-12-05 17:38:49,808 - [VideoProcessor] - INFO - Processed 120 frames...
2025-12-05 17:38:51,712 - [VideoProcessor] - INFO - Processed 130 frames...
2025-12-05 17:38:53,585 - [VideoProcessor] - INFO - Processed 140 frames...
2025-12-05 17:38:55,621 - [VideoProcessor] - INFO - Processed 150 frames...
2025-12-05 17:38:57,607 - [VideoProcessor] - INFO - Processed 160 frames...
2025-12-05 17:38:59,515 - [VideoProcessor] - INFO - Processed 170 frames...
2025-12-05 17:39:01,723 - [VideoProcessor] - INFO - Processed 180 frames...
2025-12-05 17:39:04,133 - [VideoProcessor] - INFO - Processed 190 frames...
2025-12-05 17:39:06,501 - [VideoProcessor] - INFO - Processed 200 frames...
2025-12-05 17:39:08,735 - [VideoProcessor] - INFO - Processed 210 frames...
2025-12-05 17:39:10,502 - [VideoProcessor] - INFO - Processed 220 frames...
2025-12-05 17:39:12,258 - [VideoProcessor] - INFO - Processed 230 frames...
2025-12-05 17:39:14,159 - [VideoProcessor] - INFO - Processed 240 frames...
2025-12-05 17:39:15,093 - [core.frame.py] - WARNING - No face detected in frame: InMemoryFrame
2025-12-05 17:39:15,259 - [core.frame.py] - WARNING - No face detected in frame: InMemoryFrame
2025-12-05 17:39:15,408 - [core.frame.py] - WARNING - No face detected in frame: InMemoryFrame
2025-12-05 17:39:16,078 - [core.frame.py] - WARNING - No face detected in frame: InMemoryFrame
2025-12-05 17:39:16,653 - [VideoProcessor] - INFO - Processed 250 frames...
2025-12-05 17:39:18,679 - [VideoProcessor] - INFO - Processed 260 frames...
2025-12-05 17:39:20,830 - [VideoProcessor] - INFO - Processed 270 frames...
2025-12-05 17:39:22,877 - [VideoProcessor] - INFO - Processed 280 frames...
2025-12-05 17:39:25,264 - [VideoProcessor] - INFO - Processed 290 frames...
2025-12-05 17:39:25,763 - [core.frame.py] - WARNING - No face detected in frame: InMemoryFrame
2025-12-05 17:39:25,990 - [core.frame.py] - WARNING - No face detected in frame: InMemoryFrame
2025-12-05 17:39:27,164 - [core.frame.py] - WARNING - No face detected in frame: InMemoryFrame
2025-12-05 17:39:27,395 - [core.frame.py] - WARNING - No face detected in frame: InMemoryFrame
2025-12-05 17:39:27,615 - [core.frame.py] - WARNING - No face detected in frame: InMemoryFrame
2025-12-05 17:39:28,582 - [VideoProcessor] - INFO - Processed 300 frames...
2025-12-05 17:39:30,536 - [VideoProcessor] - INFO - Processed 310 frames...
2025-12-05 17:39:31,165 - [core.frame.py] - WARNING - No face detected in frame: InMemoryFrame
2025-12-05 17:39:31,434 - [core.frame.py] - WARNING - No face detected in frame: InMemoryFrame
2025-12-05 17:39:31,655 - [core.frame.py] - WARNING - No face detected in frame: InMemoryFrame
2025-12-05 17:39:31,849 - [core.frame.py] - WARNING - No face detected in frame: InMemoryFrame
2025-12-05 17:39:32,072 - [core.frame.py] - WARNING - No face detected in frame: InMemoryFrame
2025-12-05 17:39:32,269 - [core.frame.py] - WARNING - No face detected in frame: InMemoryFrame
2025-12-05 17:39:32,449 - [core.frame.py] - WARNING - No face detected in frame: InMemoryFrame
2025-12-05 17:39:32,620 - [core.frame.py] - WARNING - No face detected in frame: InMemoryFrame
2025-12-05 17:39:32,787 - [core.frame.py] - WARNING - No face detected in frame: InMemoryFrame
2025-12-05 17:39:32,957 - [core.frame.py] - WARNING - No face detected in frame: InMemoryFrame
2025-12-05 17:39:33,135 - [core.frame.py] - WARNING - No face detected in frame: InMemoryFrame
2025-12-05 17:39:33,313 - [core.frame.py] - WARNING - No face detected in frame: InMemoryFrame
2025-12-05 17:39:33,491 - [core.frame.py] - WARNING - No face detected in frame: InMemoryFrame
2025-12-05 17:39:33,656 - [core.frame.py] - WARNING - No face detected in frame: InMemoryFrame
2025-12-05 17:39:33,832 - [core.frame.py] - WARNING - No face detected in frame: InMemoryFrame
2025-12-05 17:39:33,855 - [VideoProcessor] - INFO - Finished MarkRutte_MariekeElsinga.mkv. Total detections: 312
2025-12-05 18:59:25,014 - [cli.py] - INFO - Initializing Application...
2025-12-05 18:59:25,014 - [core.analyzer.py] - INFO - Starting analysis on ./data/input/MarkRutte/MarkRutte_MariekeElsinga.mkv
2025-12-05 18:59:25,014 - [core.analyzer.py] - INFO - Analyzing video: ./data/input/MarkRutte/MarkRutte_MariekeElsinga.mkv
2025-12-05 18:59:25,098 - [VideoProcessor] - INFO - Starting processing: MarkRutte_MariekeElsinga.mkv (FPS: 25.00)
2025-12-05 18:59:28,129 - [VideoProcessor] - INFO - Processed 10 frames...
2025-12-05 18:59:30,436 - [VideoProcessor] - INFO - Processed 20 frames...
2025-12-05 18:59:32,849 - [VideoProcessor] - INFO - Processed 30 frames...
2025-12-05 18:59:35,488 - [VideoProcessor] - INFO - Processed 40 frames...
2025-12-05 18:59:38,158 - [VideoProcessor] - INFO - Processed 50 frames...
2025-12-05 18:59:38,947 - [core.frame.py] - WARNING - No face detected in frame: InMemoryFrame
2025-12-05 18:59:39,162 - [core.frame.py] - WARNING - No face detected in frame: InMemoryFrame
2025-12-05 18:59:39,355 - [core.frame.py] - WARNING - No face detected in frame: InMemoryFrame
2025-12-05 18:59:39,370 - [VideoProcessor] - INFO - Finished MarkRutte_MariekeElsinga.mkv. Total detections: 52
2025-12-05 19:02:50,183 - [cli.py] - INFO - Initializing Application...
2025-12-05 19:02:50,183 - [core.analyzer.py] - INFO - Starting analysis on ./data/input/MarkRutte/MarkRutte_MariekeElsinga.mkv
2025-12-05 19:02:50,183 - [core.analyzer.py] - INFO - Analyzing video: ./data/input/MarkRutte/MarkRutte_MariekeElsinga.mkv
2025-12-05 19:02:50,204 - [VideoProcessor] - INFO - Starting processing: MarkRutte_MariekeElsinga.mkv (FPS: 25.00)
2025-12-05 19:02:53,061 - [VideoProcessor] - INFO - Processed 10 frames...
2025-12-05 19:02:55,339 - [VideoProcessor] - INFO - Processed 20 frames...
2025-12-05 19:02:57,588 - [VideoProcessor] - INFO - Processed 30 frames...
2025-12-05 19:02:59,916 - [VideoProcessor] - INFO - Processed 40 frames...
2025-12-05 19:03:02,206 - [VideoProcessor] - INFO - Processed 50 frames...
2025-12-05 19:03:02,791 - [core.frame.py] - WARNING - No face detected in frame: InMemoryFrame
2025-12-05 19:03:02,982 - [core.frame.py] - WARNING - No face detected in frame: InMemoryFrame
2025-12-05 19:03:03,166 - [core.frame.py] - WARNING - No face detected in frame: InMemoryFrame
2025-12-05 19:03:03,169 - [VideoProcessor] - INFO - Finished MarkRutte_MariekeElsinga.mkv. Total detections: 52
2025-12-05 19:04:40,350 - [cli.py] - INFO - Initializing Application...
2025-12-05 19:04:40,350 - [core.analyzer.py] - INFO - Starting analysis on ./data/input/MarkRutte/MarkRutte_MariekeElsinga.mkv
2025-12-05 19:04:40,350 - [core.analyzer.py] - INFO - Analyzing video: ./data/input/MarkRutte/MarkRutte_MariekeElsinga.mkv
2025-12-05 19:04:40,363 - [VideoProcessor] - INFO - Starting processing: MarkRutte_MariekeElsinga.mkv (FPS: 25.00)
2025-12-05 19:04:43,149 - [VideoProcessor] - INFO - Processed 10 frames...
2025-12-05 19:04:45,372 - [VideoProcessor] - INFO - Processed 20 frames...
2025-12-05 19:04:47,759 - [VideoProcessor] - INFO - Processed 30 frames...
2025-12-05 19:04:50,251 - [VideoProcessor] - INFO - Processed 40 frames...
2025-12-05 19:04:52,588 - [VideoProcessor] - INFO - Processed 50 frames...
2025-12-05 19:04:53,177 - [core.frame.py] - WARNING - No face detected in frame: InMemoryFrame
2025-12-05 19:04:53,362 - [core.frame.py] - WARNING - No face detected in frame: InMemoryFrame
2025-12-05 19:04:53,546 - [core.frame.py] - WARNING - No face detected in frame: InMemoryFrame
2025-12-05 19:04:53,561 - [VideoProcessor] - INFO - Finished MarkRutte_MariekeElsinga.mkv. Total detections: 52
